<?xml version="1.0" encoding="UTF-8"?>
<testng-results skipped="0" failed="0" ignored="0" total="1" passed="1">
  <reporter-output>
  </reporter-output>
  <suite name="Default suite" duration-ms="41182" started-at="2021-12-08T08:34:14Z" finished-at="2021-12-08T08:34:55Z">
    <groups>
    </groups>
    <test name="Default test" duration-ms="41182" started-at="2021-12-08T08:34:14Z" finished-at="2021-12-08T08:34:55Z">
      <class name="testprojecttests.Launch">
        <test-method status="PASS" signature="setup()[pri:0, instance:testprojecttests.Launch@cc285f4]" name="setup" is-config="true" duration-ms="40420" started-at="2021-12-08T14:04:14Z" finished-at="2021-12-08T14:04:55Z">
          <reporter-output>
          </reporter-output>
        </test-method> <!-- setup -->
        <test-method status="PASS" signature="lanuch()[pri:0, instance:testprojecttests.Launch@cc285f4]" name="lanuch" duration-ms="501" started-at="2021-12-08T14:04:55Z" finished-at="2021-12-08T14:04:55Z">
          <reporter-output>
          </reporter-output>
        </test-method> <!-- lanuch -->
      </class> <!-- testprojecttests.Launch -->
    </test> <!-- Default test -->
  </suite> <!-- Default suite -->
</testng-results>
